[2025-06-09 12:33:22] Accesso alla dashboard dell'utente 'mvs'
[2025-06-09 12:37:30] Accesso alla dashboard dell'utente 'mvs'
[2025-06-09 12:37:32] Visualizzazione log di sistema da parte di 'mvs'
[2025-06-09 12:38:33] Visualizzazione log di sistema da parte di 'mvs'
[2025-06-09 12:38:37] Visualizzazione log di sistema da parte di 'mvs'
[2025-06-09 12:40:08] Visualizzazione log di sistema da parte di 'mvs'
[2025-06-09 12:40:15] Tentativo di login avviato
[2025-06-09 12:40:15] Tentativo di login per utente 'users'
[2025-06-09 12:40:15] Login fallito per utente 'users': password errata
[2025-06-09 12:40:15] Fine tentativo di login
[2025-06-09 12:40:16] Visualizzazione log di sistema da parte di 'mvs'
[2025-06-09 12:40:27] Tentativo di login avviato
[2025-06-09 12:40:27] Tentativo di login per utente 'users'
[2025-06-09 12:40:27] Login fallito per utente 'users': password errata
[2025-06-09 12:40:27] Fine tentativo di login
[2025-06-09 12:40:28] Visualizzazione log di sistema da parte di 'mvs'
[2025-06-09 12:40:39] Accesso alla dashboard dell'utente 'mvs'
[2025-06-09 12:40:55] Visualizzazione log di sistema da parte di 'mvs'
[2025-06-09 12:41:50] Visualizzazione log di sistema da parte di 'mvs'
[2025-06-09 12:42:35] Visualizzazione log di sistema da parte di 'mvs'
[2025-06-09 12:44:52] Visualizzazione log di sistema da parte di 'mvs'
[2025-06-09 12:48:35] Visualizzazione log di sistema da parte di 'mvs'
[2025-06-09 12:48:36] Visualizzazione log di sistema da parte di 'mvs'
[2025-06-09 12:49:36] Visualizzazione log di sistema da parte di 'mvs'
[2025-06-09 12:50:27] Visualizzazione log di sistema da parte di 'mvs'
[2025-06-09 12:59:21] Visualizzazione log di sistema da parte di 'mvs'
[2025-06-09 13:00:39] Visualizzazione log di sistema da parte di 'mvs'
[2025-06-09 13:00:41] Visualizzazione log di sistema da parte di 'mvs'
[2025-06-09 13:00:43] Visualizzazione log di sistema da parte di 'mvs'
[2025-06-09 14:32:10] Accesso alla dashboard dell'utente 'mvs'
[2025-06-09 14:32:19] Tentativo di login avviato
[2025-06-09 14:32:19] Fine tentativo di login
[2025-06-09 14:32:23] Tentativo di login avviato
[2025-06-09 14:32:23] Tentativo di login per utente 'users'
[2025-06-09 14:32:23] Login riuscito per utente 'users' con ruolo 'user'
[2025-06-09 14:32:23] Accesso alla dashboard dell'utente 'users'
[2025-06-09 14:32:27] Accesso alla pagina richiesta acquisti da parte di 'users'
[2025-06-09 14:32:57] Richiesta di invio ordine ricevuta dall'utente ID 2
[2025-06-09 14:32:57] Invio ordine fallito: dati principali mancanti
[2025-06-09 14:32:57] Accesso alla pagina richiesta acquisti da parte di 'users'
[2025-06-09 14:33:04] Accesso alla pagina richiesta acquisti da parte di 'users'
[2025-06-09 14:33:12] Accesso alla pagina richiesta acquisti da parte di 'users'
[2025-06-09 14:38:53] Accesso alla pagina richiesta acquisti da parte di 'users'
[2025-06-09 14:39:05] Accesso alla pagina richiesta acquisti da parte di 'users'
[2025-06-09 14:39:41] Accesso alla pagina richiesta acquisti da parte di 'users'
[2025-06-09 14:40:03] Accesso alla pagina richiesta acquisti da parte di 'users'
[2025-06-09 14:51:42] Accesso alla pagina richiesta acquisti da parte di 'users'
[2025-06-09 14:52:04] Richiesta di invio ordine ricevuta dall'utente ID 2
[2025-06-09 14:52:04] Ordine #9 inserito con successo
[2025-06-09 14:52:04] Inserito dettaglio prodotto 'qq' per ordine #9
[2025-06-09 14:52:04] Transazione completata per ordine #9
[2025-06-09 14:52:04] Accesso alla pagina richiesta acquisti da parte di 'users'
[2025-06-09 14:52:13] Tentativo di login avviato
[2025-06-09 14:52:13] Fine tentativo di login
[2025-06-09 14:52:16] Tentativo di login avviato
[2025-06-09 14:52:16] Tentativo di login per utente 'admin'
[2025-06-09 14:52:16] Login riuscito per utente 'admin' con ruolo 'admin'
[2025-06-09 14:52:16] Accesso alla dashboard dell'utente 'admin'
[2025-06-09 15:08:24] Accesso alla dashboard dell'utente 'admin'
[2025-06-09 15:08:38] Tentativo di login avviato
[2025-06-09 15:08:38] Fine tentativo di login
[2025-06-09 15:08:45] Tentativo di login avviato
[2025-06-09 15:08:45] Tentativo di login per utente 'users'
[2025-06-09 15:08:45] Login riuscito per utente 'users' con ruolo 'user'
[2025-06-09 15:08:45] Accesso alla dashboard dell'utente 'users'
[2025-06-09 15:08:48] Accesso alla pagina richiesta acquisti da parte di 'users'
[2025-06-09 15:11:32] Accesso alla dashboard dell'utente 'admin'
[2025-06-09 15:11:34] Accesso a gestione utenze (view: list) da parte di 'admin'
[2025-06-09 15:11:35] Accesso a gestione utenze (view: edit) da parte di 'admin'
[2025-06-09 15:11:46] Accesso alla pagina richiesta acquisti da parte di 'users'
[2025-06-09 15:12:30] Richiesta di invio ordine ricevuta dall'utente ID 2
[2025-06-09 15:12:30] Ordine #10 inserito con successo
[2025-06-09 15:12:30] Inserito dettaglio prodotto 'FOGLI A4' per ordine #10
[2025-06-09 15:12:30] Inserito dettaglio prodotto 'PENNA' per ordine #10
[2025-06-09 15:12:30] Transazione completata per ordine #10
[2025-06-09 15:12:30] Accesso alla pagina richiesta acquisti da parte di 'users'
[2025-06-09 15:12:37] Accesso a gestione utenze (view: list) da parte di 'admin'
[2025-06-09 15:12:38] Accesso alla dashboard dell'utente 'admin'
[2025-06-09 15:13:05] Accesso alla dashboard dell'utente 'users'
[2025-06-09 15:13:15] Accesso alla dashboard dell'utente 'admin'
[2025-06-09 15:13:16] Accesso a gestione utenze (view: list) da parte di 'admin'
[2025-06-09 15:13:25] Accesso alla dashboard dell'utente 'admin'
[2025-06-09 15:13:36] Accesso alla dashboard dell'utente 'admin'
[2025-06-09 15:13:44] Accesso alla dashboard dell'utente 'admin'
[2025-06-09 15:13:48] Accesso alla dashboard dell'utente 'admin'
[2025-06-09 15:13:51] Accesso alla dashboard dell'utente 'admin'
[2025-06-09 15:13:57] Accesso alla dashboard dell'utente 'admin'
[2025-06-09 15:14:24] Accesso alla dashboard dell'utente 'admin'
[2025-06-09 15:14:32] Accesso alla dashboard dell'utente 'users'
[2025-06-09 15:15:24] Accesso alla dashboard dell'utente 'users'
[2025-06-09 15:15:39] Accesso alla dashboard dell'utente 'admin'
[2025-06-09 15:16:39] Accesso alla dashboard dell'utente 'admin'
[2025-06-09 15:16:42] Visualizzazione log di sistema da parte di 'admin'
[2025-06-09 15:16:53] Accesso alla dashboard dell'utente 'admin'
[2025-06-09 15:20:09] Accesso alla pagina richiesta acquisti da parte di 'users'
[2025-06-09 15:20:10] Accesso alla dashboard dell'utente 'users'
[2025-06-09 15:20:14] Accesso alla dashboard dell'utente 'admin'
[2025-06-09 15:20:27] Accesso alla dashboard dell'utente 'admin'
